2020-05-06 10:10:32.068[main][main] INFO  com.niit.vhrend.VhrEndApplication - Starting VhrEndApplication on W10-20200113110 with PID 10832 (F:\dev\vue-dev\vhr-end\target\classes started by Administrator in F:\dev\vue-dev\vhr-end)
2020-05-06 10:10:32.068[main][main] INFO  com.niit.vhrend.VhrEndApplication - No active profile set, falling back to default profiles: default
2020-05-06 10:10:35.614[main][main] DEBUG org.apache.ibatis.logging.LogFactory - Logging initialized using 'class org.apache.ibatis.logging.slf4j.Slf4jImpl' adapter.
2020-05-06 10:10:36.333[main][main] INFO  o.s.b.w.e.tomcat.TomcatWebServer - Tomcat initialized with port(s): 8050 (http)
2020-05-06 10:10:36.348[main][main] INFO  o.a.coyote.http11.Http11NioProtocol - Initializing ProtocolHandler ["http-nio-8050"]
2020-05-06 10:10:36.348[main][main] INFO  o.a.catalina.core.StandardService - Starting service [Tomcat]
2020-05-06 10:10:36.348[main][main] INFO  o.a.catalina.core.StandardEngine - Starting Servlet engine: [Apache Tomcat/9.0.33]
2020-05-06 10:10:36.536[main][main] INFO  o.a.c.c.C.[Tomcat].[localhost].[/] - Initializing Spring embedded WebApplicationContext
2020-05-06 10:10:36.536[main][main] INFO  o.s.web.context.ContextLoader - Root WebApplicationContext: initialization completed in 4281 ms
2020-05-06 10:10:36.661[main][main] INFO  c.a.d.s.b.a.DruidDataSourceAutoConfigure - Init DruidDataSource
2020-05-06 10:10:36.942[main][main] INFO  c.alibaba.druid.pool.DruidDataSource - {dataSource-1} inited
2020-05-06 10:10:39.582[main][main] INFO  s.d.s.w.PropertySourcedRequestMappingHandlerMapping - Mapped URL path [/api-docs] onto method [springfox.documentation.swagger2.web.Swagger2Controller#getDocumentation(String, HttpServletRequest)]
2020-05-06 10:10:39.800[main][main] INFO  o.s.s.c.ThreadPoolTaskExecutor - Initializing ExecutorService 'applicationTaskExecutor'
2020-05-06 10:10:40.519[main][main] INFO  o.s.s.web.DefaultSecurityFilterChain - Creating filter chain: Ant [pattern='/css/**'], []
2020-05-06 10:10:40.519[main][main] INFO  o.s.s.web.DefaultSecurityFilterChain - Creating filter chain: Ant [pattern='/js/**'], []
2020-05-06 10:10:40.519[main][main] INFO  o.s.s.web.DefaultSecurityFilterChain - Creating filter chain: Ant [pattern='/index.html'], []
2020-05-06 10:10:40.519[main][main] INFO  o.s.s.web.DefaultSecurityFilterChain - Creating filter chain: Ant [pattern='/img/**'], []
2020-05-06 10:10:40.519[main][main] INFO  o.s.s.web.DefaultSecurityFilterChain - Creating filter chain: Ant [pattern='/fonts/**'], []
2020-05-06 10:10:40.519[main][main] INFO  o.s.s.web.DefaultSecurityFilterChain - Creating filter chain: Ant [pattern='/favicon.ico'], []
2020-05-06 10:10:40.519[main][main] INFO  o.s.s.web.DefaultSecurityFilterChain - Creating filter chain: Ant [pattern='/verifyCode'], []
2020-05-06 10:10:40.566[main][main] INFO  o.s.s.web.DefaultSecurityFilterChain - Creating filter chain: any request, [org.springframework.security.web.context.request.async.WebAsyncManagerIntegrationFilter@70c31b17, org.springframework.security.web.context.SecurityContextPersistenceFilter@6814262d, org.springframework.security.web.header.HeaderWriterFilter@ce2eaa7, org.springframework.security.web.authentication.logout.LogoutFilter@116fc29e, com.niit.vhrend.config.LoginFilter@53016b11, org.springframework.security.web.savedrequest.RequestCacheAwareFilter@75a9cc24, org.springframework.security.web.servletapi.SecurityContextHolderAwareRequestFilter@236fd411, org.springframework.security.web.authentication.AnonymousAuthenticationFilter@40863800, org.springframework.security.web.session.SessionManagementFilter@304744a1, org.springframework.security.web.access.ExceptionTranslationFilter@18513c23, org.springframework.security.web.access.intercept.FilterSecurityInterceptor@5072e638]
2020-05-06 10:10:40.691[main][main] INFO  s.d.s.w.p.DocumentationPluginsBootstrapper - Context refreshed
2020-05-06 10:10:40.753[main][main] INFO  s.d.s.w.p.DocumentationPluginsBootstrapper - Found 1 custom documentation plugin(s)
2020-05-06 10:10:40.831[main][main] INFO  s.d.s.w.s.ApiListingReferenceScanner - Scanning for api listing references
2020-05-06 10:10:41.159[main][main] INFO  s.d.s.w.r.o.CachingOperationNameGenerator - Generating unique operation named: getAllDepartmentsUsingGET_1
2020-05-06 10:10:41.191[main][main] WARN  s.d.s.w.r.p.ParameterDataTypeReader - Trying to infer dataType java.util.Date[]
2020-05-06 10:10:41.206[main][main] WARN  s.d.s.w.r.p.ParameterDataTypeReader - Trying to infer dataType java.lang.Integer[]
2020-05-06 10:10:41.222[main][main] WARN  s.d.s.w.r.p.ParameterDataTypeReader - Trying to infer dataType java.lang.Integer[]
2020-05-06 10:10:41.222[main][main] INFO  s.d.s.w.r.o.CachingOperationNameGenerator - Generating unique operation named: deleteJObLevelUsingDELETE_1
2020-05-06 10:10:41.222[main][main] INFO  s.d.s.w.r.o.CachingOperationNameGenerator - Generating unique operation named: getAllRolesUsingGET_1
2020-05-06 10:10:41.238[main][main] WARN  s.d.s.w.r.p.ParameterDataTypeReader - Trying to infer dataType java.lang.Integer[]
2020-05-06 10:10:41.238[main][main] WARN  s.d.s.w.r.p.ParameterDataTypeReader - Trying to infer dataType java.lang.Integer[]
2020-05-06 10:10:41.238[main][main] INFO  s.d.s.w.r.o.CachingOperationNameGenerator - Generating unique operation named: deletePositionUsingDELETE_1
2020-05-06 10:10:41.253[main][main] INFO  o.a.coyote.http11.Http11NioProtocol - Starting ProtocolHandler ["http-nio-8050"]
2020-05-06 10:10:41.284[main][main] INFO  o.s.b.w.e.tomcat.TomcatWebServer - Tomcat started on port(s): 8050 (http) with context path ''
2020-05-06 10:10:41.284[main][main] INFO  com.niit.vhrend.VhrEndApplication - Started VhrEndApplication in 9.79 seconds (JVM running for 11.361)
2020-05-06 10:12:41.378[http-nio-8050-exec-1][http-nio-8050-exec-1] INFO  o.a.c.c.C.[Tomcat].[localhost].[/] - Initializing Spring DispatcherServlet 'dispatcherServlet'
2020-05-06 10:12:41.379[http-nio-8050-exec-1][http-nio-8050-exec-1] INFO  o.s.web.servlet.DispatcherServlet - Initializing Servlet 'dispatcherServlet'
2020-05-06 10:12:41.433[http-nio-8050-exec-1][http-nio-8050-exec-1] INFO  o.s.web.servlet.DispatcherServlet - Completed initialization in 54 ms
2020-05-06 10:12:42.052[http-nio-8050-exec-1][http-nio-8050-exec-1] WARN  o.a.c.util.SessionIdGeneratorBase - Creation of SecureRandom instance for session ID generation using [SHA1PRNG] took [117] milliseconds.
