2020-05-11 10:21:25.612[main][main] INFO  com.niit.vhrend.VhrEndApplication - Starting VhrEndApplication on W10-20200113110 with PID 12504 (F:\dev\vue-dev\vhr-end\target\classes started by Administrator in F:\dev\vue-dev\vhr-end)
2020-05-11 10:21:25.614[main][main] INFO  com.niit.vhrend.VhrEndApplication - No active profile set, falling back to default profiles: default
2020-05-11 10:21:26.384[main][main] INFO  o.s.d.r.c.RepositoryConfigurationDelegate - Bootstrapping Spring Data JPA repositories in DEFAULT mode.
2020-05-11 10:21:26.428[main][main] INFO  o.s.d.r.c.RepositoryConfigurationDelegate - Finished Spring Data repository scanning in 39ms. Found 1 JPA repository interfaces.
2020-05-11 10:21:26.499[main][main] DEBUG org.apache.ibatis.logging.LogFactory - Logging initialized using 'class org.apache.ibatis.logging.slf4j.Slf4jImpl' adapter.
2020-05-11 10:21:26.786[main][main] INFO  o.s.b.w.e.tomcat.TomcatWebServer - Tomcat initialized with port(s): 8050 (http)
2020-05-11 10:21:26.792[main][main] INFO  o.a.coyote.http11.Http11NioProtocol - Initializing ProtocolHandler ["http-nio-8050"]
2020-05-11 10:21:26.793[main][main] INFO  o.a.catalina.core.StandardService - Starting service [Tomcat]
2020-05-11 10:21:26.793[main][main] INFO  o.a.catalina.core.StandardEngine - Starting Servlet engine: [Apache Tomcat/9.0.33]
2020-05-11 10:21:26.863[main][main] INFO  o.a.c.c.C.[Tomcat].[localhost].[/] - Initializing Spring embedded WebApplicationContext
2020-05-11 10:21:26.863[main][main] INFO  o.s.web.context.ContextLoader - Root WebApplicationContext: initialization completed in 1206 ms
2020-05-11 10:21:26.903[main][main] WARN  o.s.b.a.o.j.JpaBaseConfiguration$JpaWebConfiguration - spring.jpa.open-in-view is enabled by default. Therefore, database queries may be performed during view rendering. Explicitly configure spring.jpa.open-in-view to disable this warning
2020-05-11 10:21:26.912[main][main] INFO  c.a.d.s.b.a.DruidDataSourceAutoConfigure - Init DruidDataSource
2020-05-11 10:21:26.974[main][main] INFO  c.alibaba.druid.pool.DruidDataSource - {dataSource-1} inited
2020-05-11 10:21:27.278[main][main] INFO  o.h.jpa.internal.util.LogHelper - HHH000204: Processing PersistenceUnitInfo [name: default]
2020-05-11 10:21:27.318[main][main] INFO  org.hibernate.Version - HHH000412: Hibernate ORM core version 5.4.12.Final
2020-05-11 10:21:27.385[main][main] INFO  o.h.annotations.common.Version - HCANN000001: Hibernate Commons Annotations {5.1.0.Final}
2020-05-11 10:21:27.451[main][main] INFO  org.hibernate.dialect.Dialect - HHH000400: Using dialect: org.hibernate.dialect.MySQL57Dialect
2020-05-11 10:21:27.786[main][main] INFO  o.h.e.t.j.p.i.JtaPlatformInitiator - HHH000490: Using JtaPlatform implementation: [org.hibernate.engine.transaction.jta.platform.internal.NoJtaPlatform]
2020-05-11 10:21:27.790[main][main] INFO  o.s.o.j.LocalContainerEntityManagerFactoryBean - Initialized JPA EntityManagerFactory for persistence unit 'default'
2020-05-11 10:21:28.562[main][main] INFO  s.d.s.w.PropertySourcedRequestMappingHandlerMapping - Mapped URL path [/api-docs] onto method [springfox.documentation.swagger2.web.Swagger2Controller#getDocumentation(String, HttpServletRequest)]
2020-05-11 10:21:28.659[main][main] INFO  o.s.s.c.ThreadPoolTaskExecutor - Initializing ExecutorService 'applicationTaskExecutor'
2020-05-11 10:21:28.858[main][main] INFO  o.s.s.web.DefaultSecurityFilterChain - Creating filter chain: Ant [pattern='/css/**'], []
2020-05-11 10:21:28.858[main][main] INFO  o.s.s.web.DefaultSecurityFilterChain - Creating filter chain: Ant [pattern='/js/**'], []
2020-05-11 10:21:28.858[main][main] INFO  o.s.s.web.DefaultSecurityFilterChain - Creating filter chain: Ant [pattern='/index.html'], []
2020-05-11 10:21:28.858[main][main] INFO  o.s.s.web.DefaultSecurityFilterChain - Creating filter chain: Ant [pattern='/img/**'], []
2020-05-11 10:21:28.858[main][main] INFO  o.s.s.web.DefaultSecurityFilterChain - Creating filter chain: Ant [pattern='/fonts/**'], []
2020-05-11 10:21:28.858[main][main] INFO  o.s.s.web.DefaultSecurityFilterChain - Creating filter chain: Ant [pattern='/favicon.ico'], []
2020-05-11 10:21:28.858[main][main] INFO  o.s.s.web.DefaultSecurityFilterChain - Creating filter chain: Ant [pattern='/verifyCode'], []
2020-05-11 10:21:28.877[main][main] INFO  o.s.s.web.DefaultSecurityFilterChain - Creating filter chain: any request, [org.springframework.security.web.context.request.async.WebAsyncManagerIntegrationFilter@3b38f032, org.springframework.security.web.context.SecurityContextPersistenceFilter@578781f7, org.springframework.security.web.header.HeaderWriterFilter@247415be, org.springframework.security.web.authentication.logout.LogoutFilter@2c485b3a, com.niit.vhrend.config.LoginFilter@126d0868, org.springframework.security.web.savedrequest.RequestCacheAwareFilter@22e253c7, org.springframework.security.web.servletapi.SecurityContextHolderAwareRequestFilter@5f32de90, org.springframework.security.web.authentication.AnonymousAuthenticationFilter@17d83fe4, org.springframework.security.web.session.SessionManagementFilter@43735ea0, org.springframework.security.web.access.ExceptionTranslationFilter@28b47211, org.springframework.security.web.access.intercept.FilterSecurityInterceptor@69346100]
2020-05-11 10:21:28.944[main][main] INFO  s.d.s.w.p.DocumentationPluginsBootstrapper - Context refreshed
2020-05-11 10:21:28.954[main][main] INFO  s.d.s.w.p.DocumentationPluginsBootstrapper - Found 1 custom documentation plugin(s)
2020-05-11 10:21:28.977[main][main] INFO  s.d.s.w.s.ApiListingReferenceScanner - Scanning for api listing references
2020-05-11 10:21:29.092[main][main] INFO  s.d.s.w.r.o.CachingOperationNameGenerator - Generating unique operation named: getAllDepartmentsUsingGET_1
2020-05-11 10:21:29.121[main][main] WARN  s.d.s.w.r.p.ParameterDataTypeReader - Trying to infer dataType java.util.Date[]
2020-05-11 10:21:29.138[main][main] WARN  s.d.s.w.r.p.ParameterDataTypeReader - Trying to infer dataType java.lang.Integer[]
2020-05-11 10:21:29.141[main][main] WARN  s.d.s.w.r.p.ParameterDataTypeReader - Trying to infer dataType java.lang.Integer[]
2020-05-11 10:21:29.143[main][main] INFO  s.d.s.w.r.o.CachingOperationNameGenerator - Generating unique operation named: deleteJObLevelUsingDELETE_1
2020-05-11 10:21:29.155[main][main] INFO  s.d.s.w.r.o.CachingOperationNameGenerator - Generating unique operation named: getAllRolesUsingGET_1
2020-05-11 10:21:29.157[main][main] WARN  s.d.s.w.r.p.ParameterDataTypeReader - Trying to infer dataType java.lang.Integer[]
2020-05-11 10:21:29.160[main][main] WARN  s.d.s.w.r.p.ParameterDataTypeReader - Trying to infer dataType java.lang.Integer[]
2020-05-11 10:21:29.162[main][main] INFO  s.d.s.w.r.o.CachingOperationNameGenerator - Generating unique operation named: deletePositionUsingDELETE_1
2020-05-11 10:21:29.189[main][main] INFO  o.a.coyote.http11.Http11NioProtocol - Starting ProtocolHandler ["http-nio-8050"]
2020-05-11 10:21:29.206[main][main] INFO  o.s.b.w.e.tomcat.TomcatWebServer - Tomcat started on port(s): 8050 (http) with context path ''
2020-05-11 10:21:29.208[main][main] INFO  com.niit.vhrend.VhrEndApplication - Started VhrEndApplication in 3.827 seconds (JVM running for 4.564)
2020-05-11 10:21:35.260[http-nio-8050-exec-1][http-nio-8050-exec-1] INFO  o.a.c.c.C.[Tomcat].[localhost].[/] - Initializing Spring DispatcherServlet 'dispatcherServlet'
2020-05-11 10:21:35.261[http-nio-8050-exec-1][http-nio-8050-exec-1] INFO  o.s.web.servlet.DispatcherServlet - Initializing Servlet 'dispatcherServlet'
2020-05-11 10:21:35.270[http-nio-8050-exec-1][http-nio-8050-exec-1] INFO  o.s.web.servlet.DispatcherServlet - Completed initialization in 9 ms
2020-05-11 10:21:35.641[http-nio-8050-exec-1][http-nio-8050-exec-1] WARN  o.a.c.util.SessionIdGeneratorBase - Creation of SecureRandom instance for session ID generation using [SHA1PRNG] took [144] milliseconds.
2020-05-11 12:42:47.134[main][main] INFO  com.niit.vhrend.VhrEndApplication - Starting VhrEndApplication on W10-20200113110 with PID 10412 (F:\dev\vue-dev\vhr-end\target\classes started by Administrator in F:\dev\vue-dev\vhr-end)
2020-05-11 12:42:47.137[main][main] INFO  com.niit.vhrend.VhrEndApplication - No active profile set, falling back to default profiles: default
2020-05-11 12:42:48.218[main][main] INFO  o.s.d.r.c.RepositoryConfigurationDelegate - Bootstrapping Spring Data JPA repositories in DEFAULT mode.
2020-05-11 12:42:48.267[main][main] INFO  o.s.d.r.c.RepositoryConfigurationDelegate - Finished Spring Data repository scanning in 43ms. Found 1 JPA repository interfaces.
2020-05-11 12:42:48.347[main][main] DEBUG org.apache.ibatis.logging.LogFactory - Logging initialized using 'class org.apache.ibatis.logging.slf4j.Slf4jImpl' adapter.
2020-05-11 12:42:48.657[main][main] INFO  o.s.b.w.e.tomcat.TomcatWebServer - Tomcat initialized with port(s): 8050 (http)
2020-05-11 12:42:48.664[main][main] INFO  o.a.coyote.http11.Http11NioProtocol - Initializing ProtocolHandler ["http-nio-8050"]
2020-05-11 12:42:48.664[main][main] INFO  o.a.catalina.core.StandardService - Starting service [Tomcat]
2020-05-11 12:42:48.664[main][main] INFO  o.a.catalina.core.StandardEngine - Starting Servlet engine: [Apache Tomcat/9.0.33]
2020-05-11 12:42:48.753[main][main] INFO  o.a.c.c.C.[Tomcat].[localhost].[/] - Initializing Spring embedded WebApplicationContext
2020-05-11 12:42:48.753[main][main] INFO  o.s.web.context.ContextLoader - Root WebApplicationContext: initialization completed in 1550 ms
2020-05-11 12:42:48.799[main][main] WARN  o.s.b.a.o.j.JpaBaseConfiguration$JpaWebConfiguration - spring.jpa.open-in-view is enabled by default. Therefore, database queries may be performed during view rendering. Explicitly configure spring.jpa.open-in-view to disable this warning
2020-05-11 12:42:48.808[main][main] INFO  c.a.d.s.b.a.DruidDataSourceAutoConfigure - Init DruidDataSource
2020-05-11 12:42:48.875[main][main] INFO  c.alibaba.druid.pool.DruidDataSource - {dataSource-1} inited
2020-05-11 12:42:49.218[main][main] INFO  o.h.jpa.internal.util.LogHelper - HHH000204: Processing PersistenceUnitInfo [name: default]
2020-05-11 12:42:49.259[main][main] INFO  org.hibernate.Version - HHH000412: Hibernate ORM core version 5.4.12.Final
2020-05-11 12:42:49.330[main][main] INFO  o.h.annotations.common.Version - HCANN000001: Hibernate Commons Annotations {5.1.0.Final}
2020-05-11 12:42:49.396[main][main] INFO  org.hibernate.dialect.Dialect - HHH000400: Using dialect: org.hibernate.dialect.MySQL57Dialect
2020-05-11 12:42:49.747[main][main] INFO  o.h.e.t.j.p.i.JtaPlatformInitiator - HHH000490: Using JtaPlatform implementation: [org.hibernate.engine.transaction.jta.platform.internal.NoJtaPlatform]
2020-05-11 12:42:49.752[main][main] INFO  o.s.o.j.LocalContainerEntityManagerFactoryBean - Initialized JPA EntityManagerFactory for persistence unit 'default'
2020-05-11 12:42:50.482[main][main] INFO  s.d.s.w.PropertySourcedRequestMappingHandlerMapping - Mapped URL path [/api-docs] onto method [springfox.documentation.swagger2.web.Swagger2Controller#getDocumentation(String, HttpServletRequest)]
2020-05-11 12:42:50.558[main][main] INFO  o.s.s.c.ThreadPoolTaskExecutor - Initializing ExecutorService 'applicationTaskExecutor'
2020-05-11 12:42:50.744[main][main] INFO  o.s.s.web.DefaultSecurityFilterChain - Creating filter chain: Ant [pattern='/css/**'], []
2020-05-11 12:42:50.744[main][main] INFO  o.s.s.web.DefaultSecurityFilterChain - Creating filter chain: Ant [pattern='/js/**'], []
2020-05-11 12:42:50.744[main][main] INFO  o.s.s.web.DefaultSecurityFilterChain - Creating filter chain: Ant [pattern='/index.html'], []
2020-05-11 12:42:50.744[main][main] INFO  o.s.s.web.DefaultSecurityFilterChain - Creating filter chain: Ant [pattern='/img/**'], []
2020-05-11 12:42:50.744[main][main] INFO  o.s.s.web.DefaultSecurityFilterChain - Creating filter chain: Ant [pattern='/fonts/**'], []
2020-05-11 12:42:50.744[main][main] INFO  o.s.s.web.DefaultSecurityFilterChain - Creating filter chain: Ant [pattern='/favicon.ico'], []
2020-05-11 12:42:50.744[main][main] INFO  o.s.s.web.DefaultSecurityFilterChain - Creating filter chain: Ant [pattern='/verifyCode'], []
2020-05-11 12:42:50.761[main][main] INFO  o.s.s.web.DefaultSecurityFilterChain - Creating filter chain: any request, [org.springframework.security.web.context.request.async.WebAsyncManagerIntegrationFilter@65293ca5, org.springframework.security.web.context.SecurityContextPersistenceFilter@48dc9950, org.springframework.security.web.header.HeaderWriterFilter@4125bc3c, org.springframework.security.web.authentication.logout.LogoutFilter@72c29d87, com.niit.vhrend.config.LoginFilter@7865cc83, org.springframework.security.web.savedrequest.RequestCacheAwareFilter@535aa7c7, org.springframework.security.web.servletapi.SecurityContextHolderAwareRequestFilter@192aeae2, org.springframework.security.web.authentication.AnonymousAuthenticationFilter@6d70e68b, org.springframework.security.web.session.SessionManagementFilter@4abb4041, org.springframework.security.web.access.ExceptionTranslationFilter@fbdba1c, org.springframework.security.web.access.intercept.FilterSecurityInterceptor@c5e7696]
2020-05-11 12:42:50.825[main][main] INFO  s.d.s.w.p.DocumentationPluginsBootstrapper - Context refreshed
2020-05-11 12:42:50.835[main][main] INFO  s.d.s.w.p.DocumentationPluginsBootstrapper - Found 1 custom documentation plugin(s)
2020-05-11 12:42:50.857[main][main] INFO  s.d.s.w.s.ApiListingReferenceScanner - Scanning for api listing references
2020-05-11 12:42:50.959[main][main] INFO  s.d.s.w.r.o.CachingOperationNameGenerator - Generating unique operation named: getAllDepartmentsUsingGET_1
2020-05-11 12:42:50.984[main][main] WARN  s.d.s.w.r.p.ParameterDataTypeReader - Trying to infer dataType java.util.Date[]
2020-05-11 12:42:51.001[main][main] WARN  s.d.s.w.r.p.ParameterDataTypeReader - Trying to infer dataType java.lang.Integer[]
2020-05-11 12:42:51.005[main][main] WARN  s.d.s.w.r.p.ParameterDataTypeReader - Trying to infer dataType java.lang.Integer[]
2020-05-11 12:42:51.007[main][main] INFO  s.d.s.w.r.o.CachingOperationNameGenerator - Generating unique operation named: deleteJObLevelUsingDELETE_1
2020-05-11 12:42:51.017[main][main] INFO  s.d.s.w.r.o.CachingOperationNameGenerator - Generating unique operation named: getAllRolesUsingGET_1
2020-05-11 12:42:51.018[main][main] WARN  s.d.s.w.r.p.ParameterDataTypeReader - Trying to infer dataType java.lang.Integer[]
2020-05-11 12:42:51.021[main][main] WARN  s.d.s.w.r.p.ParameterDataTypeReader - Trying to infer dataType java.lang.Integer[]
2020-05-11 12:42:51.023[main][main] INFO  s.d.s.w.r.o.CachingOperationNameGenerator - Generating unique operation named: deletePositionUsingDELETE_1
2020-05-11 12:42:51.051[main][main] INFO  o.a.coyote.http11.Http11NioProtocol - Starting ProtocolHandler ["http-nio-8050"]
2020-05-11 12:42:51.067[main][main] INFO  o.s.b.w.e.tomcat.TomcatWebServer - Tomcat started on port(s): 8050 (http) with context path ''
2020-05-11 12:42:51.069[main][main] INFO  com.niit.vhrend.VhrEndApplication - Started VhrEndApplication in 4.245 seconds (JVM running for 5.101)
2020-05-11 12:42:56.332[http-nio-8050-exec-1][http-nio-8050-exec-1] INFO  o.a.c.c.C.[Tomcat].[localhost].[/] - Initializing Spring DispatcherServlet 'dispatcherServlet'
2020-05-11 12:42:56.332[http-nio-8050-exec-1][http-nio-8050-exec-1] INFO  o.s.web.servlet.DispatcherServlet - Initializing Servlet 'dispatcherServlet'
2020-05-11 12:42:56.341[http-nio-8050-exec-1][http-nio-8050-exec-1] INFO  o.s.web.servlet.DispatcherServlet - Completed initialization in 8 ms
2020-05-11 12:42:56.703[http-nio-8050-exec-1][http-nio-8050-exec-1] WARN  o.a.c.util.SessionIdGeneratorBase - Creation of SecureRandom instance for session ID generation using [SHA1PRNG] took [132] milliseconds.
2020-05-11 12:50:23.692[http-nio-8050-exec-1][http-nio-8050-exec-1] WARN  o.s.w.s.m.s.DefaultHandlerExceptionResolver - Resolved [org.springframework.http.converter.HttpMessageNotReadableException: JSON parse error: Cannot deserialize value of type `java.util.Date` from String "2020-05-09": expected format "yyyy-MM-dd hh:hh"; nested exception is com.fasterxml.jackson.databind.exc.InvalidFormatException: Cannot deserialize value of type `java.util.Date` from String "2020-05-09": expected format "yyyy-MM-dd hh:hh"
 at [Source: (PushbackInputStream); line: 1, column: 47] (through reference chain: com.niit.vhrend.model.Renshixinxitongji["birthday"])]
2020-05-11 12:50:23.875[http-nio-8050-exec-2][http-nio-8050-exec-2] WARN  o.s.w.s.m.s.DefaultHandlerExceptionResolver - Resolved [org.springframework.http.converter.HttpMessageNotReadableException: JSON parse error: Cannot deserialize value of type `java.util.Date` from String "2020-05-09": expected format "yyyy-MM-dd hh:hh"; nested exception is com.fasterxml.jackson.databind.exc.InvalidFormatException: Cannot deserialize value of type `java.util.Date` from String "2020-05-09": expected format "yyyy-MM-dd hh:hh"
 at [Source: (PushbackInputStream); line: 1, column: 47] (through reference chain: com.niit.vhrend.model.Renshixinxitongji["birthday"])]
2020-05-11 12:50:23.939[http-nio-8050-exec-3][http-nio-8050-exec-3] WARN  o.s.w.s.m.s.DefaultHandlerExceptionResolver - Resolved [org.springframework.http.converter.HttpMessageNotReadableException: JSON parse error: Cannot deserialize value of type `java.util.Date` from String "2020-05-09": expected format "yyyy-MM-dd hh:hh"; nested exception is com.fasterxml.jackson.databind.exc.InvalidFormatException: Cannot deserialize value of type `java.util.Date` from String "2020-05-09": expected format "yyyy-MM-dd hh:hh"
 at [Source: (PushbackInputStream); line: 1, column: 47] (through reference chain: com.niit.vhrend.model.Renshixinxitongji["birthday"])]
2020-05-11 12:54:03.557[main][main] INFO  o.s.b.t.c.SpringBootTestContextBootstrapper - Neither @ContextConfiguration nor @ContextHierarchy found for test class [com.niit.vhrend.VhrEndApplicationTests], using SpringBootContextLoader
2020-05-11 12:54:03.565[main][main] INFO  o.s.t.c.s.AbstractContextLoader - Could not detect default resource locations for test class [com.niit.vhrend.VhrEndApplicationTests]: no resource found for suffixes {-context.xml, Context.groovy}.
2020-05-11 12:54:03.566[main][main] INFO  o.s.t.c.s.AnnotationConfigContextLoaderUtils - Could not detect default configuration classes for test class [com.niit.vhrend.VhrEndApplicationTests]: VhrEndApplicationTests does not declare any static, non-private, non-final, nested classes annotated with @Configuration.
2020-05-11 12:54:03.683[main][main] INFO  o.s.b.t.c.SpringBootTestContextBootstrapper - Found @SpringBootConfiguration com.niit.vhrend.VhrEndApplication for test class com.niit.vhrend.VhrEndApplicationTests
2020-05-11 12:54:03.846[main][main] INFO  o.s.b.t.c.SpringBootTestContextBootstrapper - Loaded default TestExecutionListener class names from location [META-INF/spring.factories]: [org.springframework.boot.test.mock.mockito.MockitoTestExecutionListener, org.springframework.boot.test.mock.mockito.ResetMocksTestExecutionListener, org.springframework.boot.test.autoconfigure.restdocs.RestDocsTestExecutionListener, org.springframework.boot.test.autoconfigure.web.client.MockRestServiceServerResetTestExecutionListener, org.springframework.boot.test.autoconfigure.web.servlet.MockMvcPrintOnlyOnFailureTestExecutionListener, org.springframework.boot.test.autoconfigure.web.servlet.WebDriverTestExecutionListener, org.springframework.test.context.web.ServletTestExecutionListener, org.springframework.test.context.support.DirtiesContextBeforeModesTestExecutionListener, org.springframework.test.context.support.DependencyInjectionTestExecutionListener, org.springframework.test.context.support.DirtiesContextTestExecutionListener, org.springframework.test.context.transaction.TransactionalTestExecutionListener, org.springframework.test.context.jdbc.SqlScriptsTestExecutionListener, org.springframework.test.context.event.EventPublishingTestExecutionListener, org.springframework.security.test.context.support.WithSecurityContextTestExecutionListener, org.springframework.security.test.context.support.ReactorContextTestExecutionListener]
2020-05-11 12:54:03.872[main][main] INFO  o.s.b.t.c.SpringBootTestContextBootstrapper - Using TestExecutionListeners: [org.springframework.test.context.web.ServletTestExecutionListener@241e8ea6, org.springframework.test.context.support.DirtiesContextBeforeModesTestExecutionListener@542e560f, org.springframework.boot.test.mock.mockito.MockitoTestExecutionListener@626c44e7, org.springframework.boot.test.autoconfigure.SpringBootDependencyInjectionTestExecutionListener@4dc8caa7, org.springframework.test.context.support.DirtiesContextTestExecutionListener@1d730606, org.springframework.test.context.transaction.TransactionalTestExecutionListener@3bcbb589, org.springframework.test.context.jdbc.SqlScriptsTestExecutionListener@3b00856b, org.springframework.test.context.event.EventPublishingTestExecutionListener@3016fd5e, org.springframework.security.test.context.support.WithSecurityContextTestExecutionListener@35d08e6c, org.springframework.security.test.context.support.ReactorContextTestExecutionListener@53d102a2, org.springframework.boot.test.mock.mockito.ResetMocksTestExecutionListener@6c45ee6e, org.springframework.boot.test.autoconfigure.restdocs.RestDocsTestExecutionListener@6b3e12b5, org.springframework.boot.test.autoconfigure.web.client.MockRestServiceServerResetTestExecutionListener@5aac4250, org.springframework.boot.test.autoconfigure.web.servlet.MockMvcPrintOnlyOnFailureTestExecutionListener@1338fb5, org.springframework.boot.test.autoconfigure.web.servlet.WebDriverTestExecutionListener@42463763]
2020-05-11 12:54:04.265[main][main] INFO  c.niit.vhrend.VhrEndApplicationTests - Starting VhrEndApplicationTests on W10-20200113110 with PID 7428 (started by Administrator in F:\dev\vue-dev\vhr-end)
2020-05-11 12:54:04.266[main][main] INFO  c.niit.vhrend.VhrEndApplicationTests - No active profile set, falling back to default profiles: default
2020-05-11 12:54:05.259[main][main] INFO  o.s.d.r.c.RepositoryConfigurationDelegate - Bootstrapping Spring Data JPA repositories in DEFAULT mode.
2020-05-11 12:54:05.322[main][main] INFO  o.s.d.r.c.RepositoryConfigurationDelegate - Finished Spring Data repository scanning in 55ms. Found 1 JPA repository interfaces.
2020-05-11 12:54:05.444[main][main] DEBUG org.apache.ibatis.logging.LogFactory - Logging initialized using 'class org.apache.ibatis.logging.slf4j.Slf4jImpl' adapter.
2020-05-11 12:54:05.848[main][main] INFO  c.a.d.s.b.a.DruidDataSourceAutoConfigure - Init DruidDataSource
2020-05-11 12:54:06.054[main][main] INFO  c.alibaba.druid.pool.DruidDataSource - {dataSource-1} inited
2020-05-11 12:54:06.698[main][main] INFO  o.h.jpa.internal.util.LogHelper - HHH000204: Processing PersistenceUnitInfo [name: default]
2020-05-11 12:54:06.760[main][main] INFO  org.hibernate.Version - HHH000412: Hibernate ORM core version 5.4.12.Final
2020-05-11 12:54:06.876[main][main] INFO  o.h.annotations.common.Version - HCANN000001: Hibernate Commons Annotations {5.1.0.Final}
2020-05-11 12:54:07.012[main][main] INFO  org.hibernate.dialect.Dialect - HHH000400: Using dialect: org.hibernate.dialect.MySQL57Dialect
2020-05-11 12:54:07.688[main][main] INFO  o.h.e.t.j.p.i.JtaPlatformInitiator - HHH000490: Using JtaPlatform implementation: [org.hibernate.engine.transaction.jta.platform.internal.NoJtaPlatform]
2020-05-11 12:54:07.696[main][main] INFO  o.s.o.j.LocalContainerEntityManagerFactoryBean - Initialized JPA EntityManagerFactory for persistence unit 'default'
2020-05-11 12:54:08.341[main][main] WARN  o.s.b.a.o.j.JpaBaseConfiguration$JpaWebConfiguration - spring.jpa.open-in-view is enabled by default. Therefore, database queries may be performed during view rendering. Explicitly configure spring.jpa.open-in-view to disable this warning
2020-05-11 12:54:09.536[main][main] INFO  s.d.s.w.PropertySourcedRequestMappingHandlerMapping - Mapped URL path [/api-docs] onto method [springfox.documentation.swagger2.web.Swagger2Controller#getDocumentation(String, HttpServletRequest)]
2020-05-11 12:54:09.922[main][main] INFO  o.s.s.c.ThreadPoolTaskExecutor - Initializing ExecutorService 'applicationTaskExecutor'
2020-05-11 12:54:10.410[main][main] INFO  o.s.s.web.DefaultSecurityFilterChain - Creating filter chain: Ant [pattern='/css/**'], []
2020-05-11 12:54:10.411[main][main] INFO  o.s.s.web.DefaultSecurityFilterChain - Creating filter chain: Ant [pattern='/js/**'], []
2020-05-11 12:54:10.411[main][main] INFO  o.s.s.web.DefaultSecurityFilterChain - Creating filter chain: Ant [pattern='/index.html'], []
2020-05-11 12:54:10.411[main][main] INFO  o.s.s.web.DefaultSecurityFilterChain - Creating filter chain: Ant [pattern='/img/**'], []
2020-05-11 12:54:10.411[main][main] INFO  o.s.s.web.DefaultSecurityFilterChain - Creating filter chain: Ant [pattern='/fonts/**'], []
2020-05-11 12:54:10.411[main][main] INFO  o.s.s.web.DefaultSecurityFilterChain - Creating filter chain: Ant [pattern='/favicon.ico'], []
2020-05-11 12:54:10.411[main][main] INFO  o.s.s.web.DefaultSecurityFilterChain - Creating filter chain: Ant [pattern='/verifyCode'], []
2020-05-11 12:54:10.509[main][main] INFO  o.s.s.web.DefaultSecurityFilterChain - Creating filter chain: any request, [org.springframework.security.web.context.request.async.WebAsyncManagerIntegrationFilter@39adf4e6, org.springframework.security.web.context.SecurityContextPersistenceFilter@72f91c91, org.springframework.security.web.header.HeaderWriterFilter@47bae235, org.springframework.security.web.authentication.logout.LogoutFilter@1899c7ae, com.niit.vhrend.config.LoginFilter@4552e288, org.springframework.security.web.savedrequest.RequestCacheAwareFilter@3fe7c87c, org.springframework.security.web.servletapi.SecurityContextHolderAwareRequestFilter@7672dd7a, org.springframework.security.web.authentication.AnonymousAuthenticationFilter@73299197, org.springframework.security.web.session.SessionManagementFilter@21b75073, org.springframework.security.web.access.ExceptionTranslationFilter@2e268c19, org.springframework.security.web.access.intercept.FilterSecurityInterceptor@51c0346d]
2020-05-11 12:54:10.607[main][main] INFO  s.d.s.w.p.DocumentationPluginsBootstrapper - Context refreshed
2020-05-11 12:54:10.636[main][main] INFO  s.d.s.w.p.DocumentationPluginsBootstrapper - Found 1 custom documentation plugin(s)
2020-05-11 12:54:10.694[main][main] INFO  s.d.s.w.s.ApiListingReferenceScanner - Scanning for api listing references
2020-05-11 12:54:10.883[main][main] INFO  s.d.s.w.r.o.CachingOperationNameGenerator - Generating unique operation named: getAllDepartmentsUsingGET_1
2020-05-11 12:54:10.936[main][main] WARN  s.d.s.w.r.p.ParameterDataTypeReader - Trying to infer dataType java.util.Date[]
2020-05-11 12:54:10.970[main][main] WARN  s.d.s.w.r.p.ParameterDataTypeReader - Trying to infer dataType java.lang.Integer[]
2020-05-11 12:54:10.980[main][main] WARN  s.d.s.w.r.p.ParameterDataTypeReader - Trying to infer dataType java.lang.Integer[]
2020-05-11 12:54:10.984[main][main] INFO  s.d.s.w.r.o.CachingOperationNameGenerator - Generating unique operation named: deleteJObLevelUsingDELETE_1
2020-05-11 12:54:11.008[main][main] INFO  s.d.s.w.r.o.CachingOperationNameGenerator - Generating unique operation named: getAllRolesUsingGET_1
2020-05-11 12:54:11.011[main][main] WARN  s.d.s.w.r.p.ParameterDataTypeReader - Trying to infer dataType java.lang.Integer[]
2020-05-11 12:54:11.017[main][main] WARN  s.d.s.w.r.p.ParameterDataTypeReader - Trying to infer dataType java.lang.Integer[]
2020-05-11 12:54:11.021[main][main] INFO  s.d.s.w.r.o.CachingOperationNameGenerator - Generating unique operation named: deletePositionUsingDELETE_1
2020-05-11 12:54:11.075[main][main] INFO  c.niit.vhrend.VhrEndApplicationTests - Started VhrEndApplicationTests in 7.141 seconds (JVM running for 8.381)
2020-05-11 12:54:11.337[SpringContextShutdownHook][SpringContextShutdownHook] INFO  o.s.s.c.ThreadPoolTaskExecutor - Shutting down ExecutorService 'applicationTaskExecutor'
2020-05-11 12:54:11.345[SpringContextShutdownHook][SpringContextShutdownHook] INFO  o.s.o.j.LocalContainerEntityManagerFactoryBean - Closing JPA EntityManagerFactory for persistence unit 'default'
2020-05-11 12:54:11.348[SpringContextShutdownHook][SpringContextShutdownHook] INFO  c.alibaba.druid.pool.DruidDataSource - {dataSource-1} closing ...
2020-05-11 12:54:11.353[SpringContextShutdownHook][SpringContextShutdownHook] INFO  c.alibaba.druid.pool.DruidDataSource - {dataSource-1} closed
2020-05-11 12:54:36.933[main][main] INFO  com.niit.vhrend.VhrEndApplication - Starting VhrEndApplication on W10-20200113110 with PID 6420 (F:\dev\vue-dev\vhr-end\target\classes started by Administrator in F:\dev\vue-dev\vhr-end)
2020-05-11 12:54:36.937[main][main] INFO  com.niit.vhrend.VhrEndApplication - No active profile set, falling back to default profiles: default
2020-05-11 12:54:37.920[main][main] INFO  o.s.d.r.c.RepositoryConfigurationDelegate - Bootstrapping Spring Data JPA repositories in DEFAULT mode.
2020-05-11 12:54:37.965[main][main] INFO  o.s.d.r.c.RepositoryConfigurationDelegate - Finished Spring Data repository scanning in 40ms. Found 1 JPA repository interfaces.
2020-05-11 12:54:38.047[main][main] DEBUG org.apache.ibatis.logging.LogFactory - Logging initialized using 'class org.apache.ibatis.logging.slf4j.Slf4jImpl' adapter.
2020-05-11 12:54:38.366[main][main] INFO  o.s.b.w.e.tomcat.TomcatWebServer - Tomcat initialized with port(s): 8050 (http)
2020-05-11 12:54:38.372[main][main] INFO  o.a.coyote.http11.Http11NioProtocol - Initializing ProtocolHandler ["http-nio-8050"]
2020-05-11 12:54:38.373[main][main] INFO  o.a.catalina.core.StandardService - Starting service [Tomcat]
2020-05-11 12:54:38.373[main][main] INFO  o.a.catalina.core.StandardEngine - Starting Servlet engine: [Apache Tomcat/9.0.33]
2020-05-11 12:54:38.467[main][main] INFO  o.a.c.c.C.[Tomcat].[localhost].[/] - Initializing Spring embedded WebApplicationContext
2020-05-11 12:54:38.467[main][main] INFO  o.s.web.context.ContextLoader - Root WebApplicationContext: initialization completed in 1451 ms
2020-05-11 12:54:38.523[main][main] WARN  o.s.b.a.o.j.JpaBaseConfiguration$JpaWebConfiguration - spring.jpa.open-in-view is enabled by default. Therefore, database queries may be performed during view rendering. Explicitly configure spring.jpa.open-in-view to disable this warning
2020-05-11 12:54:38.532[main][main] INFO  c.a.d.s.b.a.DruidDataSourceAutoConfigure - Init DruidDataSource
2020-05-11 12:54:38.602[main][main] INFO  c.alibaba.druid.pool.DruidDataSource - {dataSource-1} inited
2020-05-11 12:54:38.918[main][main] INFO  o.h.jpa.internal.util.LogHelper - HHH000204: Processing PersistenceUnitInfo [name: default]
2020-05-11 12:54:38.960[main][main] INFO  org.hibernate.Version - HHH000412: Hibernate ORM core version 5.4.12.Final
2020-05-11 12:54:39.031[main][main] INFO  o.h.annotations.common.Version - HCANN000001: Hibernate Commons Annotations {5.1.0.Final}
2020-05-11 12:54:39.100[main][main] INFO  org.hibernate.dialect.Dialect - HHH000400: Using dialect: org.hibernate.dialect.MySQL57Dialect
2020-05-11 12:54:39.457[main][main] INFO  o.h.e.t.j.p.i.JtaPlatformInitiator - HHH000490: Using JtaPlatform implementation: [org.hibernate.engine.transaction.jta.platform.internal.NoJtaPlatform]
2020-05-11 12:54:39.463[main][main] INFO  o.s.o.j.LocalContainerEntityManagerFactoryBean - Initialized JPA EntityManagerFactory for persistence unit 'default'
2020-05-11 12:54:40.250[main][main] INFO  s.d.s.w.PropertySourcedRequestMappingHandlerMapping - Mapped URL path [/api-docs] onto method [springfox.documentation.swagger2.web.Swagger2Controller#getDocumentation(String, HttpServletRequest)]
2020-05-11 12:54:40.363[main][main] INFO  o.s.s.c.ThreadPoolTaskExecutor - Initializing ExecutorService 'applicationTaskExecutor'
2020-05-11 12:54:40.543[main][main] INFO  o.s.s.web.DefaultSecurityFilterChain - Creating filter chain: Ant [pattern='/css/**'], []
2020-05-11 12:54:40.544[main][main] INFO  o.s.s.web.DefaultSecurityFilterChain - Creating filter chain: Ant [pattern='/js/**'], []
2020-05-11 12:54:40.544[main][main] INFO  o.s.s.web.DefaultSecurityFilterChain - Creating filter chain: Ant [pattern='/index.html'], []
2020-05-11 12:54:40.544[main][main] INFO  o.s.s.web.DefaultSecurityFilterChain - Creating filter chain: Ant [pattern='/img/**'], []
2020-05-11 12:54:40.544[main][main] INFO  o.s.s.web.DefaultSecurityFilterChain - Creating filter chain: Ant [pattern='/fonts/**'], []
2020-05-11 12:54:40.544[main][main] INFO  o.s.s.web.DefaultSecurityFilterChain - Creating filter chain: Ant [pattern='/favicon.ico'], []
2020-05-11 12:54:40.544[main][main] INFO  o.s.s.web.DefaultSecurityFilterChain - Creating filter chain: Ant [pattern='/verifyCode'], []
2020-05-11 12:54:40.563[main][main] INFO  o.s.s.web.DefaultSecurityFilterChain - Creating filter chain: any request, [org.springframework.security.web.context.request.async.WebAsyncManagerIntegrationFilter@5b58f639, org.springframework.security.web.context.SecurityContextPersistenceFilter@72851503, org.springframework.security.web.header.HeaderWriterFilter@5f32de90, org.springframework.security.web.authentication.logout.LogoutFilter@3338d29d, com.niit.vhrend.config.LoginFilter@55c20a91, org.springframework.security.web.savedrequest.RequestCacheAwareFilter@1d722bff, org.springframework.security.web.servletapi.SecurityContextHolderAwareRequestFilter@3dcf6026, org.springframework.security.web.authentication.AnonymousAuthenticationFilter@4d529dbf, org.springframework.security.web.session.SessionManagementFilter@5134a7d6, org.springframework.security.web.access.ExceptionTranslationFilter@4ee1c29a, org.springframework.security.web.access.intercept.FilterSecurityInterceptor@27caa186]
2020-05-11 12:54:40.628[main][main] INFO  s.d.s.w.p.DocumentationPluginsBootstrapper - Context refreshed
2020-05-11 12:54:40.638[main][main] INFO  s.d.s.w.p.DocumentationPluginsBootstrapper - Found 1 custom documentation plugin(s)
2020-05-11 12:54:40.662[main][main] INFO  s.d.s.w.s.ApiListingReferenceScanner - Scanning for api listing references
2020-05-11 12:54:40.767[main][main] INFO  s.d.s.w.r.o.CachingOperationNameGenerator - Generating unique operation named: getAllDepartmentsUsingGET_1
2020-05-11 12:54:40.795[main][main] WARN  s.d.s.w.r.p.ParameterDataTypeReader - Trying to infer dataType java.util.Date[]
2020-05-11 12:54:40.813[main][main] WARN  s.d.s.w.r.p.ParameterDataTypeReader - Trying to infer dataType java.lang.Integer[]
2020-05-11 12:54:40.817[main][main] WARN  s.d.s.w.r.p.ParameterDataTypeReader - Trying to infer dataType java.lang.Integer[]
2020-05-11 12:54:40.819[main][main] INFO  s.d.s.w.r.o.CachingOperationNameGenerator - Generating unique operation named: deleteJObLevelUsingDELETE_1
2020-05-11 12:54:40.830[main][main] INFO  s.d.s.w.r.o.CachingOperationNameGenerator - Generating unique operation named: getAllRolesUsingGET_1
2020-05-11 12:54:40.832[main][main] WARN  s.d.s.w.r.p.ParameterDataTypeReader - Trying to infer dataType java.lang.Integer[]
2020-05-11 12:54:40.835[main][main] WARN  s.d.s.w.r.p.ParameterDataTypeReader - Trying to infer dataType java.lang.Integer[]
2020-05-11 12:54:40.837[main][main] INFO  s.d.s.w.r.o.CachingOperationNameGenerator - Generating unique operation named: deletePositionUsingDELETE_1
2020-05-11 12:54:40.868[main][main] INFO  o.a.coyote.http11.Http11NioProtocol - Starting ProtocolHandler ["http-nio-8050"]
2020-05-11 12:54:40.885[main][main] INFO  o.s.b.w.e.tomcat.TomcatWebServer - Tomcat started on port(s): 8050 (http) with context path ''
2020-05-11 12:54:40.887[main][main] INFO  com.niit.vhrend.VhrEndApplication - Started VhrEndApplication in 4.321 seconds (JVM running for 5.112)
2020-05-11 12:55:23.841[http-nio-8050-exec-1][http-nio-8050-exec-1] INFO  o.a.c.c.C.[Tomcat].[localhost].[/] - Initializing Spring DispatcherServlet 'dispatcherServlet'
2020-05-11 12:55:23.843[http-nio-8050-exec-1][http-nio-8050-exec-1] INFO  o.s.web.servlet.DispatcherServlet - Initializing Servlet 'dispatcherServlet'
2020-05-11 12:55:23.848[http-nio-8050-exec-1][http-nio-8050-exec-1] INFO  o.s.web.servlet.DispatcherServlet - Completed initialization in 5 ms
2020-05-11 12:55:31.225[http-nio-8050-exec-3][http-nio-8050-exec-3] WARN  o.a.c.util.SessionIdGeneratorBase - Creation of SecureRandom instance for session ID generation using [SHA1PRNG] took [125] milliseconds.
2020-05-11 13:05:33.586[http-nio-8050-exec-3][http-nio-8050-exec-3] WARN  o.h.e.jdbc.spi.SqlExceptionHelper - SQL Error: 1406, SQLState: 22001
2020-05-11 13:05:33.586[http-nio-8050-exec-3][http-nio-8050-exec-3] ERROR o.h.e.jdbc.spi.SqlExceptionHelper - Data truncation: Data too long for column 'name' at row 1
2020-05-11 13:05:33.599[http-nio-8050-exec-3][http-nio-8050-exec-3] ERROR o.a.c.c.C.[.[.[.[dispatcherServlet] - Servlet.service() for servlet [dispatcherServlet] in context with path [] threw exception [Request processing failed; nested exception is org.springframework.dao.DataIntegrityViolationException: could not execute statement; SQL [n/a]; nested exception is org.hibernate.exception.DataException: could not execute statement] with root cause
com.mysql.cj.jdbc.exceptions.MysqlDataTruncation: Data truncation: Data too long for column 'name' at row 1
	at com.mysql.cj.jdbc.exceptions.SQLExceptionsMapping.translateException(SQLExceptionsMapping.java:104)
	at com.mysql.cj.jdbc.ClientPreparedStatement.executeInternal(ClientPreparedStatement.java:953)
	at com.mysql.cj.jdbc.ClientPreparedStatement.executeUpdateInternal(ClientPreparedStatement.java:1092)
	at com.mysql.cj.jdbc.ClientPreparedStatement.executeUpdateInternal(ClientPreparedStatement.java:1040)
	at com.mysql.cj.jdbc.ClientPreparedStatement.executeLargeUpdate(ClientPreparedStatement.java:1347)
	at com.mysql.cj.jdbc.ClientPreparedStatement.executeUpdate(ClientPreparedStatement.java:1025)
	at com.alibaba.druid.pool.DruidPooledPreparedStatement.executeUpdate(DruidPooledPreparedStatement.java:255)
	at org.hibernate.engine.jdbc.internal.ResultSetReturnImpl.executeUpdate(ResultSetReturnImpl.java:197)
	at org.hibernate.dialect.identity.GetGeneratedKeysDelegate.executeAndExtract(GetGeneratedKeysDelegate.java:57)
	at org.hibernate.id.insert.AbstractReturningDelegate.performInsert(AbstractReturningDelegate.java:43)
	at org.hibernate.persister.entity.AbstractEntityPersister.insert(AbstractEntityPersister.java:3133)
	at org.hibernate.persister.entity.AbstractEntityPersister.insert(AbstractEntityPersister.java:3737)
	at org.hibernate.action.internal.EntityIdentityInsertAction.execute(EntityIdentityInsertAction.java:84)
	at org.hibernate.engine.spi.ActionQueue.execute(ActionQueue.java:645)
	at org.hibernate.engine.spi.ActionQueue.addResolvedEntityInsertAction(ActionQueue.java:282)
	at org.hibernate.engine.spi.ActionQueue.addInsertAction(ActionQueue.java:263)
	at org.hibernate.engine.spi.ActionQueue.addAction(ActionQueue.java:317)
	at org.hibernate.event.internal.AbstractSaveEventListener.addInsertAction(AbstractSaveEventListener.java:330)
	at org.hibernate.event.internal.AbstractSaveEventListener.performSaveOrReplicate(AbstractSaveEventListener.java:287)
	at org.hibernate.event.internal.AbstractSaveEventListener.performSave(AbstractSaveEventListener.java:193)
	at org.hibernate.event.internal.AbstractSaveEventListener.saveWithGeneratedId(AbstractSaveEventListener.java:123)
	at org.hibernate.event.internal.DefaultPersistEventListener.entityIsTransient(DefaultPersistEventListener.java:185)
	at org.hibernate.event.internal.DefaultPersistEventListener.onPersist(DefaultPersistEventListener.java:128)
	at org.hibernate.event.internal.DefaultPersistEventListener.onPersist(DefaultPersistEventListener.java:55)
	at org.hibernate.event.service.internal.EventListenerGroupImpl.fireEventOnEachListener(EventListenerGroupImpl.java:102)
	at org.hibernate.internal.SessionImpl.firePersist(SessionImpl.java:710)
	at org.hibernate.internal.SessionImpl.persist(SessionImpl.java:696)
	at java.base/jdk.internal.reflect.NativeMethodAccessorImpl.invoke0(Native Method)
	at java.base/jdk.internal.reflect.NativeMethodAccessorImpl.invoke(NativeMethodAccessorImpl.java:62)
	at java.base/jdk.internal.reflect.DelegatingMethodAccessorImpl.invoke(DelegatingMethodAccessorImpl.java:43)
	at java.base/java.lang.reflect.Method.invoke(Method.java:566)
	at org.springframework.orm.jpa.ExtendedEntityManagerCreator$ExtendedEntityManagerInvocationHandler.invoke(ExtendedEntityManagerCreator.java:366)
	at com.sun.proxy.$Proxy121.persist(Unknown Source)
	at java.base/jdk.internal.reflect.NativeMethodAccessorImpl.invoke0(Native Method)
	at java.base/jdk.internal.reflect.NativeMethodAccessorImpl.invoke(NativeMethodAccessorImpl.java:62)
	at java.base/jdk.internal.reflect.DelegatingMethodAccessorImpl.invoke(DelegatingMethodAccessorImpl.java:43)
	at java.base/java.lang.reflect.Method.invoke(Method.java:566)
	at org.springframework.orm.jpa.SharedEntityManagerCreator$SharedEntityManagerInvocationHandler.invoke(SharedEntityManagerCreator.java:314)
	at com.sun.proxy.$Proxy121.persist(Unknown Source)
	at org.springframework.data.jpa.repository.support.SimpleJpaRepository.save(SimpleJpaRepository.java:554)
	at java.base/jdk.internal.reflect.NativeMethodAccessorImpl.invoke0(Native Method)
	at java.base/jdk.internal.reflect.NativeMethodAccessorImpl.invoke(NativeMethodAccessorImpl.java:62)
	at java.base/jdk.internal.reflect.DelegatingMethodAccessorImpl.invoke(DelegatingMethodAccessorImpl.java:43)
	at java.base/java.lang.reflect.Method.invoke(Method.java:566)
	at org.springframework.data.repository.core.support.RepositoryComposition$RepositoryFragments.invoke(RepositoryComposition.java:371)
	at org.springframework.data.repository.core.support.RepositoryComposition.invoke(RepositoryComposition.java:204)
	at org.springframework.data.repository.core.support.RepositoryFactorySupport$ImplementationMethodExecutionInterceptor.invoke(RepositoryFactorySupport.java:657)
	at org.springframework.aop.framework.ReflectiveMethodInvocation.proceed(ReflectiveMethodInvocation.java:186)
	at org.springframework.data.repository.core.support.RepositoryFactorySupport$QueryExecutorMethodInterceptor.doInvoke(RepositoryFactorySupport.java:621)
	at org.springframework.data.repository.core.support.RepositoryFactorySupport$QueryExecutorMethodInterceptor.invoke(RepositoryFactorySupport.java:605)
	at org.springframework.aop.framework.ReflectiveMethodInvocation.proceed(ReflectiveMethodInvocation.java:186)
	at org.springframework.data.projection.DefaultMethodInvokingMethodInterceptor.invoke(DefaultMethodInvokingMethodInterceptor.java:80)
	at org.springframework.aop.framework.ReflectiveMethodInvocation.proceed(ReflectiveMethodInvocation.java:186)
	at org.springframework.transaction.interceptor.TransactionAspectSupport.invokeWithinTransaction(TransactionAspectSupport.java:366)
	at org.springframework.transaction.interceptor.TransactionInterceptor.invoke(TransactionInterceptor.java:118)
	at org.springframework.aop.framework.ReflectiveMethodInvocation.proceed(ReflectiveMethodInvocation.java:186)
	at org.springframework.dao.support.PersistenceExceptionTranslationInterceptor.invoke(PersistenceExceptionTranslationInterceptor.java:139)
	at org.springframework.aop.framework.ReflectiveMethodInvocation.proceed(ReflectiveMethodInvocation.java:186)
	at org.springframework.data.jpa.repository.support.CrudMethodMetadataPostProcessor$CrudMethodMetadataPopulatingMethodInterceptor.invoke(CrudMethodMetadataPostProcessor.java:178)
	at org.springframework.aop.framework.ReflectiveMethodInvocation.proceed(ReflectiveMethodInvocation.java:186)
	at org.springframework.aop.interceptor.ExposeInvocationInterceptor.invoke(ExposeInvocationInterceptor.java:95)
	at org.springframework.aop.framework.ReflectiveMethodInvocation.proceed(ReflectiveMethodInvocation.java:186)
	at org.springframework.aop.framework.JdkDynamicAopProxy.invoke(JdkDynamicAopProxy.java:212)
	at com.sun.proxy.$Proxy127.save(Unknown Source)
	at com.niit.vhrend.controller.sta.StaPersController.save(StaPersController.java:45)
	at java.base/jdk.internal.reflect.NativeMethodAccessorImpl.invoke0(Native Method)
	at java.base/jdk.internal.reflect.NativeMethodAccessorImpl.invoke(NativeMethodAccessorImpl.java:62)
	at java.base/jdk.internal.reflect.DelegatingMethodAccessorImpl.invoke(DelegatingMethodAccessorImpl.java:43)
	at java.base/java.lang.reflect.Method.invoke(Method.java:566)
	at org.springframework.web.method.support.InvocableHandlerMethod.doInvoke(InvocableHandlerMethod.java:190)
	at org.springframework.web.method.support.InvocableHandlerMethod.invokeForRequest(InvocableHandlerMethod.java:138)
	at org.springframework.web.servlet.mvc.method.annotation.ServletInvocableHandlerMethod.invokeAndHandle(ServletInvocableHandlerMethod.java:105)
	at org.springframework.web.servlet.mvc.method.annotation.RequestMappingHandlerAdapter.invokeHandlerMethod(RequestMappingHandlerAdapter.java:879)
	at org.springframework.web.servlet.mvc.method.annotation.RequestMappingHandlerAdapter.handleInternal(RequestMappingHandlerAdapter.java:793)
	at org.springframework.web.servlet.mvc.method.AbstractHandlerMethodAdapter.handle(AbstractHandlerMethodAdapter.java:87)
	at org.springframework.web.servlet.DispatcherServlet.doDispatch(DispatcherServlet.java:1040)
	at org.springframework.web.servlet.DispatcherServlet.doService(DispatcherServlet.java:943)
	at org.springframework.web.servlet.FrameworkServlet.processRequest(FrameworkServlet.java:1006)
	at org.springframework.web.servlet.FrameworkServlet.doPost(FrameworkServlet.java:909)
	at javax.servlet.http.HttpServlet.service(HttpServlet.java:665)
	at org.springframework.web.servlet.FrameworkServlet.service(FrameworkServlet.java:883)
	at javax.servlet.http.HttpServlet.service(HttpServlet.java:750)
	at org.apache.catalina.core.ApplicationFilterChain.internalDoFilter(ApplicationFilterChain.java:231)
	at org.apache.catalina.core.ApplicationFilterChain.doFilter(ApplicationFilterChain.java:166)
	at org.apache.tomcat.websocket.server.WsFilter.doFilter(WsFilter.java:53)
	at org.apache.catalina.core.ApplicationFilterChain.internalDoFilter(ApplicationFilterChain.java:193)
	at org.apache.catalina.core.ApplicationFilterChain.doFilter(ApplicationFilterChain.java:166)
	at org.springframework.security.web.authentication.AbstractAuthenticationProcessingFilter.doFilter(AbstractAuthenticationProcessingFilter.java:200)
	at org.apache.catalina.core.ApplicationFilterChain.internalDoFilter(ApplicationFilterChain.java:193)
	at org.apache.catalina.core.ApplicationFilterChain.doFilter(ApplicationFilterChain.java:166)
	at org.springframework.security.web.FilterChainProxy$VirtualFilterChain.doFilter(FilterChainProxy.java:320)
	at org.springframework.security.web.access.intercept.FilterSecurityInterceptor.invoke(FilterSecurityInterceptor.java:126)
	at org.springframework.security.web.access.intercept.FilterSecurityInterceptor.doFilter(FilterSecurityInterceptor.java:90)
	at org.springframework.security.web.FilterChainProxy$VirtualFilterChain.doFilter(FilterChainProxy.java:334)
	at org.springframework.security.web.access.ExceptionTranslationFilter.doFilter(ExceptionTranslationFilter.java:118)
	at org.springframework.security.web.FilterChainProxy$VirtualFilterChain.doFilter(FilterChainProxy.java:334)
	at org.springframework.security.web.session.SessionManagementFilter.doFilter(SessionManagementFilter.java:137)
	at org.springframework.security.web.FilterChainProxy$VirtualFilterChain.doFilter(FilterChainProxy.java:334)
	at org.springframework.security.web.authentication.AnonymousAuthenticationFilter.doFilter(AnonymousAuthenticationFilter.java:111)
	at org.springframework.security.web.FilterChainProxy$VirtualFilterChain.doFilter(FilterChainProxy.java:334)
	at org.springframework.security.web.servletapi.SecurityContextHolderAwareRequestFilter.doFilter(SecurityContextHolderAwareRequestFilter.java:158)
	at org.springframework.security.web.FilterChainProxy$VirtualFilterChain.doFilter(FilterChainProxy.java:334)
	at org.springframework.security.web.savedrequest.RequestCacheAwareFilter.doFilter(RequestCacheAwareFilter.java:63)
	at org.springframework.security.web.FilterChainProxy$VirtualFilterChain.doFilter(FilterChainProxy.java:334)
	at org.springframework.security.web.authentication.AbstractAuthenticationProcessingFilter.doFilter(AbstractAuthenticationProcessingFilter.java:200)
	at org.springframework.security.web.FilterChainProxy$VirtualFilterChain.doFilter(FilterChainProxy.java:334)
	at org.springframework.security.web.authentication.logout.LogoutFilter.doFilter(LogoutFilter.java:116)
	at org.springframework.security.web.FilterChainProxy$VirtualFilterChain.doFilter(FilterChainProxy.java:334)
	at org.springframework.security.web.header.HeaderWriterFilter.doHeadersAfter(HeaderWriterFilter.java:92)
	at org.springframework.security.web.header.HeaderWriterFilter.doFilterInternal(HeaderWriterFilter.java:77)
	at org.springframework.web.filter.OncePerRequestFilter.doFilter(OncePerRequestFilter.java:119)
	at org.springframework.security.web.FilterChainProxy$VirtualFilterChain.doFilter(FilterChainProxy.java:334)
	at org.springframework.security.web.context.SecurityContextPersistenceFilter.doFilter(SecurityContextPersistenceFilter.java:105)
	at org.springframework.security.web.FilterChainProxy$VirtualFilterChain.doFilter(FilterChainProxy.java:334)
	at org.springframework.security.web.context.request.async.WebAsyncManagerIntegrationFilter.doFilterInternal(WebAsyncManagerIntegrationFilter.java:56)
	at org.springframework.web.filter.OncePerRequestFilter.doFilter(OncePerRequestFilter.java:119)
	at org.springframework.security.web.FilterChainProxy$VirtualFilterChain.doFilter(FilterChainProxy.java:334)
	at org.springframework.security.web.FilterChainProxy.doFilterInternal(FilterChainProxy.java:215)
	at org.springframework.security.web.FilterChainProxy.doFilter(FilterChainProxy.java:178)
	at org.springframework.web.filter.DelegatingFilterProxy.invokeDelegate(DelegatingFilterProxy.java:358)
	at org.springframework.web.filter.DelegatingFilterProxy.doFilter(DelegatingFilterProxy.java:271)
	at org.apache.catalina.core.ApplicationFilterChain.internalDoFilter(ApplicationFilterChain.java:193)
	at org.apache.catalina.core.ApplicationFilterChain.doFilter(ApplicationFilterChain.java:166)
	at org.springframework.web.filter.RequestContextFilter.doFilterInternal(RequestContextFilter.java:100)
	at org.springframework.web.filter.OncePerRequestFilter.doFilter(OncePerRequestFilter.java:119)
	at org.apache.catalina.core.ApplicationFilterChain.internalDoFilter(ApplicationFilterChain.java:193)
	at org.apache.catalina.core.ApplicationFilterChain.doFilter(ApplicationFilterChain.java:166)
	at org.springframework.web.filter.FormContentFilter.doFilterInternal(FormContentFilter.java:93)
	at org.springframework.web.filter.OncePerRequestFilter.doFilter(OncePerRequestFilter.java:119)
	at org.apache.catalina.core.ApplicationFilterChain.internalDoFilter(ApplicationFilterChain.java:193)
	at org.apache.catalina.core.ApplicationFilterChain.doFilter(ApplicationFilterChain.java:166)
	at org.springframework.web.filter.CharacterEncodingFilter.doFilterInternal(CharacterEncodingFilter.java:201)
	at org.springframework.web.filter.OncePerRequestFilter.doFilter(OncePerRequestFilter.java:119)
	at org.apache.catalina.core.ApplicationFilterChain.internalDoFilter(ApplicationFilterChain.java:193)
	at org.apache.catalina.core.ApplicationFilterChain.doFilter(ApplicationFilterChain.java:166)
	at org.apache.catalina.core.StandardWrapperValve.invoke(StandardWrapperValve.java:202)
	at org.apache.catalina.core.StandardContextValve.invoke(StandardContextValve.java:96)
	at org.apache.catalina.authenticator.AuthenticatorBase.invoke(AuthenticatorBase.java:541)
	at org.apache.catalina.core.StandardHostValve.invoke(StandardHostValve.java:139)
	at org.apache.catalina.valves.ErrorReportValve.invoke(ErrorReportValve.java:92)
	at org.apache.catalina.core.StandardEngineValve.invoke(StandardEngineValve.java:74)
	at org.apache.catalina.connector.CoyoteAdapter.service(CoyoteAdapter.java:343)
	at org.apache.coyote.http11.Http11Processor.service(Http11Processor.java:373)
	at org.apache.coyote.AbstractProcessorLight.process(AbstractProcessorLight.java:65)
	at org.apache.coyote.AbstractProtocol$ConnectionHandler.process(AbstractProtocol.java:868)
	at org.apache.tomcat.util.net.NioEndpoint$SocketProcessor.doRun(NioEndpoint.java:1594)
	at org.apache.tomcat.util.net.SocketProcessorBase.run(SocketProcessorBase.java:49)
	at java.base/java.util.concurrent.ThreadPoolExecutor.runWorker(ThreadPoolExecutor.java:1128)
	at java.base/java.util.concurrent.ThreadPoolExecutor$Worker.run(ThreadPoolExecutor.java:628)
	at org.apache.tomcat.util.threads.TaskThread$WrappingRunnable.run(TaskThread.java:61)
	at java.base/java.lang.Thread.run(Thread.java:834)
2020-05-11 13:11:45.095[http-nio-8050-exec-8][http-nio-8050-exec-8] WARN  o.s.w.s.m.s.DefaultHandlerExceptionResolver - Resolved [org.springframework.web.method.annotation.MethodArgumentTypeMismatchException: Failed to convert value of type 'java.lang.String' to required type 'java.lang.Integer'; nested exception is java.lang.NumberFormatException: For input string: "NaN"]
2020-05-11 13:13:20.809[http-nio-8050-exec-9][http-nio-8050-exec-9] WARN  o.s.w.s.m.s.DefaultHandlerExceptionResolver - Resolved [org.springframework.http.converter.HttpMessageNotReadableException: JSON parse error: Cannot deserialize value of type `java.util.Date` from String "2020-05-04": expected format "yyyy-MM-dd hh:hh"; nested exception is com.fasterxml.jackson.databind.exc.InvalidFormatException: Cannot deserialize value of type `java.util.Date` from String "2020-05-04": expected format "yyyy-MM-dd hh:hh"
 at [Source: (PushbackInputStream); line: 1, column: 59] (through reference chain: com.niit.vhrend.model.Renshixinxitongji["birthday"])]
2020-05-11 13:13:29.882[http-nio-8050-exec-10][http-nio-8050-exec-10] WARN  o.s.w.s.m.s.DefaultHandlerExceptionResolver - Resolved [org.springframework.http.converter.HttpMessageNotReadableException: JSON parse error: Cannot deserialize value of type `java.util.Date` from String "2020-05-04": expected format "yyyy-MM-dd hh:hh"; nested exception is com.fasterxml.jackson.databind.exc.InvalidFormatException: Cannot deserialize value of type `java.util.Date` from String "2020-05-04": expected format "yyyy-MM-dd hh:hh"
 at [Source: (PushbackInputStream); line: 1, column: 59] (through reference chain: com.niit.vhrend.model.Renshixinxitongji["birthday"])]
2020-05-11 13:13:40.299[http-nio-8050-exec-1][http-nio-8050-exec-1] WARN  o.s.w.s.m.s.DefaultHandlerExceptionResolver - Resolved [org.springframework.http.converter.HttpMessageNotReadableException: JSON parse error: Cannot deserialize value of type `java.util.Date` from String "2020-05-04": expected format "yyyy-MM-dd hh:hh"; nested exception is com.fasterxml.jackson.databind.exc.InvalidFormatException: Cannot deserialize value of type `java.util.Date` from String "2020-05-04": expected format "yyyy-MM-dd hh:hh"
 at [Source: (PushbackInputStream); line: 1, column: 59] (through reference chain: com.niit.vhrend.model.Renshixinxitongji["birthday"])]
2020-05-11 13:13:40.802[http-nio-8050-exec-2][http-nio-8050-exec-2] WARN  o.s.w.s.m.s.DefaultHandlerExceptionResolver - Resolved [org.springframework.http.converter.HttpMessageNotReadableException: JSON parse error: Cannot deserialize value of type `java.util.Date` from String "2020-05-04": expected format "yyyy-MM-dd hh:hh"; nested exception is com.fasterxml.jackson.databind.exc.InvalidFormatException: Cannot deserialize value of type `java.util.Date` from String "2020-05-04": expected format "yyyy-MM-dd hh:hh"
 at [Source: (PushbackInputStream); line: 1, column: 59] (through reference chain: com.niit.vhrend.model.Renshixinxitongji["birthday"])]
2020-05-11 13:15:23.204[http-nio-8050-exec-4][http-nio-8050-exec-4] WARN  o.s.w.s.m.s.DefaultHandlerExceptionResolver - Resolved [org.springframework.web.method.annotation.MethodArgumentTypeMismatchException: Failed to convert value of type 'java.lang.String' to required type 'java.lang.Integer'; nested exception is java.lang.NumberFormatException: For input string: "NaN"]
2020-05-11 13:15:44.101[http-nio-8050-exec-5][http-nio-8050-exec-5] WARN  o.s.w.s.m.s.DefaultHandlerExceptionResolver - Resolved [org.springframework.http.converter.HttpMessageNotReadableException: JSON parse error: Cannot deserialize value of type `java.util.Date` from String "2020-05-11": expected format "yyyy-MM-dd hh:hh"; nested exception is com.fasterxml.jackson.databind.exc.InvalidFormatException: Cannot deserialize value of type `java.util.Date` from String "2020-05-11": expected format "yyyy-MM-dd hh:hh"
 at [Source: (PushbackInputStream); line: 1, column: 47] (through reference chain: com.niit.vhrend.model.Renshixinxitongji["birthday"])]
2020-05-11 13:16:46.775[http-nio-8050-exec-7][http-nio-8050-exec-7] WARN  o.s.w.s.m.s.DefaultHandlerExceptionResolver - Resolved [org.springframework.web.method.annotation.MethodArgumentTypeMismatchException: Failed to convert value of type 'java.lang.String' to required type 'java.lang.Integer'; nested exception is java.lang.NumberFormatException: For input string: "NaN"]
2020-05-11 13:19:30.916[http-nio-8050-exec-10][http-nio-8050-exec-10] WARN  o.s.w.s.m.s.DefaultHandlerExceptionResolver - Resolved [org.springframework.web.method.annotation.MethodArgumentTypeMismatchException: Failed to convert value of type 'java.lang.String' to required type 'java.lang.Integer'; nested exception is java.lang.NumberFormatException: For input string: "NaN"]
2020-05-11 13:19:49.578[http-nio-8050-exec-2][http-nio-8050-exec-2] WARN  o.s.w.s.m.s.DefaultHandlerExceptionResolver - Resolved [org.springframework.web.method.annotation.MethodArgumentTypeMismatchException: Failed to convert value of type 'java.lang.String' to required type 'java.lang.Integer'; nested exception is java.lang.NumberFormatException: For input string: "NaN"]
2020-05-11 13:21:56.247[http-nio-8050-exec-4][http-nio-8050-exec-4] WARN  o.s.w.s.m.s.DefaultHandlerExceptionResolver - Resolved [org.springframework.web.method.annotation.MethodArgumentTypeMismatchException: Failed to convert value of type 'java.lang.String' to required type 'java.lang.Integer'; nested exception is java.lang.NumberFormatException: For input string: "NaN"]
